<?xml version="1.0" encoding="UTF-8"?>
<coverage generated="1665057363166" clover="3.2.0">
  <project timestamp="1665057363166" name="All files">
    <metrics statements="8" coveredstatements="8" conditionals="0" coveredconditionals="0" methods="4" coveredmethods="3" elements="12" coveredelements="11" complexity="0" loc="8" ncloc="8" packages="1" files="1" classes="1"/>
    <file name="index.tsx" path="/Users/mubeanhussain/Documents/repos/sandbox-web/src/Components/Header/index.tsx">
      <metrics statements="8" coveredstatements="8" conditionals="0" coveredconditionals="0" methods="4" coveredmethods="3"/>
      <line num="2" count="1" type="stmt"/>
      <line num="4" count="1" type="stmt"/>
      <line num="31" count="10" type="stmt"/>
      <line num="32" count="10" type="stmt"/>
      <line num="41" count="1" type="stmt"/>
      <line num="48" count="1" type="stmt"/>
      <line num="59" count="1" type="stmt"/>
      <line num="64" count="1" type="stmt"/>
    </file>
  </project>
</coverage>
