{"/Users/mubeanhussain/Documents/repos/sandbox-web/src/Components/Header/index.tsx": {"path":"/Users/mubeanhussain/Documents/repos/sandbox-web/src/Components/Header/index.tsx","statementMap":{"0":{"start":{"line":2,"column":0},"end":{"line":2,"column":46}},"1":{"start":{"line":4,"column":15},"end":{"line":24,"column":11}},"2":{"start":{"line":31,"column":15},"end":{"line":57,"column":1}},"3":{"start":{"line":31,"column":22},"end":{"line":31,"column":24}},"4":{"start":{"line":31,"column":31},"end":{"line":31,"column":40}},"5":{"start":{"line":32,"column":2},"end":{"line":56,"column":4}},"6":{"start":{"line":41,"column":27},"end":{"line":41,"column":null}},"7":{"start":{"line":48,"column":27},"end":{"line":48,"column":null}},"8":{"start":{"line":59,"column":0},"end":{"line":62,"column":2}},"9":{"start":{"line":64,"column":0},"end":{"line":64,"column":22}}},"fnMap":{"0":{"name":"(anonymous_3)","decl":{"start":{"line":31,"column":15},"end":{"line":31,"column":16}},"loc":{"start":{"line":31,"column":40},"end":{"line":57,"column":1}}},"1":{"name":"(anonymous_4)","decl":{"start":{"line":41,"column":21},"end":{"line":41,"column":27}},"loc":{"start":{"line":41,"column":21},"end":{"line":41,"column":34}}},"2":{"name":"(anonymous_5)","decl":{"start":{"line":48,"column":21},"end":{"line":48,"column":27}},"loc":{"start":{"line":48,"column":21},"end":{"line":48,"column":34}}},"3":{"name":"(anonymous_6)","decl":{"start":{"line":60,"column":11},"end":{"line":60,"column":18}},"loc":{"start":{"line":60,"column":11},"end":{"line":60,"column":19}}}},"branchMap":{},"s":{"0":1,"1":1,"2":1,"3":10,"4":10,"5":10,"6":1,"7":1,"8":1,"9":1},"f":{"0":10,"1":1,"2":1,"3":0},"b":{}}
}
